#
# There is insufficient memory for the Java Runtime Environment to continue.
# Native memory allocation (malloc) failed to allocate 1092016 bytes for Chunk::new
# Possible reasons:
#   The system is out of physical RAM or swap space
#   In 32 bit mode, the process size limit was hit
# Possible solutions:
#   Reduce memory load on the system
#   Increase physical memory or swap space
#   Check if swap backing store is full
#   Use 64 bit Java on a 64 bit OS
#   Decrease Java heap size (-Xmx/-Xms)
#   Decrease number of Java threads
#   Decrease Java thread stack sizes (-Xss)
#   Set larger code cache with -XX:ReservedCodeCacheSize=
# This output file may be truncated or incomplete.
#
#  Out of Memory Error (allocation.cpp:390), pid=10552, tid=0x00000000000011f0
#
# JRE version: OpenJDK Runtime Environment (8.0_152-b01) (build 1.8.0_152-release-915-b01)
# Java VM: OpenJDK 64-Bit Server VM (25.152-b01 mixed mode windows-amd64 compressed oops)
# Failed to write core dump. Minidumps are not enabled by default on client versions of Windows
#

---------------  T H R E A D  ---------------

Current thread (0x0000000016561800):  JavaThread "C2 CompilerThread1" daemon [_thread_in_native, id=4592, stack(0x0000000017bd0000,0x0000000017cd0000)]

Stack: [0x0000000017bd0000,0x0000000017cd0000]
[error occurred during error reporting (printing stack bounds), id 0xc0000005]

Native frames: (J=compiled Java code, j=interpreted, Vv=VM code, C=native code)


Current CompileTask:
C2:3481601 24603       4       org.gradle.api.internal.artifacts.ivyservice.resolveengine.graph.DependencyGraphBuilder::resolveEdges (37 bytes)


---------------  P R O C E S S  ---------------

Java Threads: ( => current thread )
  0x000000001f150800 JavaThread "Cache worker for Artifact transforms cache (C:\Users\hussam\.gradle\caches\transforms-1)" [_thread_blocked, id=13956, stack(0x0000000067cb0000,0x0000000067db0000)]
  0x000000001f154000 JavaThread "Cache worker for file hash cache (C:\Users\hussam\AndroidStudioProjects\RoundFeedback\.gradle\4.1\fileHashes)" [_thread_blocked, id=5296, stack(0x0000000067bb0000,0x0000000067cb0000)]
  0x000000001f157000 JavaThread "Stdin handler" [_thread_blocked, id=15620, stack(0x0000000067ab0000,0x0000000067bb0000)]
  0x000000001f155800 JavaThread "Asynchronous log dispatcher for DefaultDaemonConnection: socket connection from /127.0.0.1:50335 to /127.0.0.1:51397" [_thread_blocked, id=10808, stack(0x00000000679b0000,0x0000000067ab0000)]
  0x000000001f155000 JavaThread "Daemon worker Thread 16" [_thread_in_native, id=16356, stack(0x00000000678b0000,0x00000000679b0000)]
  0x000000001f153800 JavaThread "Cancel handler" [_thread_blocked, id=13144, stack(0x00000000677b0000,0x00000000678b0000)]
  0x000000001f152000 JavaThread "Handler for socket connection from /127.0.0.1:50335 to /127.0.0.1:51397" [_thread_in_native, id=13100, stack(0x00000000676b0000,0x00000000677b0000)]
  0x000000001f152800 JavaThread "Daemon Thread 16" [_thread_blocked, id=13968, stack(0x00000000675b0000,0x00000000676b0000)]
  0x000000001a6d2000 JavaThread "Memory manager" [_thread_blocked, id=13068, stack(0x0000000021940000,0x0000000021a40000)]
  0x000000001965b800 JavaThread "File lock request listener" [_thread_in_native, id=15924, stack(0x000000001bd10000,0x000000001be10000)]
  0x000000001998b800 JavaThread "Cache worker for file hash cache (C:\Users\hussam\.gradle\caches\4.1\fileHashes)" [_thread_blocked, id=3428, stack(0x000000001bc10000,0x000000001bd10000)]
  0x0000000019d14800 JavaThread "Daemon periodic checks" [_thread_blocked, id=13348, stack(0x000000001b310000,0x000000001b410000)]
  0x0000000018fe1000 JavaThread "Incoming local TCP Connector on port 50335" [_thread_in_native, id=13852, stack(0x0000000019ba0000,0x0000000019ca0000)]
  0x0000000017df5000 JavaThread "Service Thread" daemon [_thread_blocked, id=16100, stack(0x00000000181d0000,0x00000000182d0000)]
  0x0000000016568800 JavaThread "C1 CompilerThread2" daemon [_thread_blocked, id=7780, stack(0x0000000017cd0000,0x0000000017dd0000)]
=>0x0000000016561800 JavaThread "C2 CompilerThread1" daemon [_thread_in_native, id=4592, stack(0x0000000017bd0000,0x0000000017cd0000)]
  0x000000001655e800 JavaThread "C2 CompilerThread0" daemon [_thread_blocked, id=14364, stack(0x0000000017ad0000,0x0000000017bd0000)]
  0x000000001655b000 JavaThread "Attach Listener" daemon [_thread_blocked, id=15300, stack(0x00000000179d0000,0x0000000017ad0000)]
  0x000000001655a000 JavaThread "Signal Dispatcher" daemon [_thread_blocked, id=8740, stack(0x00000000178d0000,0x00000000179d0000)]
  0x0000000016548800 JavaThread "Finalizer" daemon [_thread_blocked, id=8356, stack(0x00000000177d0000,0x00000000178d0000)]
  0x0000000002be3000 JavaThread "Reference Handler" daemon [_thread_blocked, id=11892, stack(0x00000000176d0000,0x00000000177d0000)]
  0x000000000291d800 JavaThread "main" [_thread_blocked, id=3888, stack(0x00000000029f0000,0x0000000002af0000)]

Other Threads:
  0x0000000016526800 VMThread [stack: 0x00000000175d0000,0x00000000176d0000] [id=15288]
  0x0000000016594800 WatcherThread [stack: 0x00000000182d0000,0x00000000183d0000] [id=11804]

VM state:not at safepoint (normal execution)

VM Mutex/Monitor currently owned by a thread: None

Heap:
 PSYoungGen      total 117248K, used 49799K [0x00000000e0000000, 0x00000000e9080000, 0x0000000100000000)
  eden space 91648K, 50% used [0x00000000e0000000,0x00000000e2ce6210,0x00000000e5980000)
  from space 25600K, 14% used [0x00000000e7780000,0x00000000e7b3bb48,0x00000000e9080000)
  to   space 28160K, 0% used [0x00000000e5980000,0x00000000e5980000,0x00000000e7500000)
 ParOldGen       total 164352K, used 73922K [0x00000000a0000000, 0x00000000aa080000, 0x00000000e0000000)
  object space 164352K, 44% used [0x00000000a0000000,0x00000000a48308b0,0x00000000aa080000)
 Metaspace       used 84940K, capacity 93660K, committed 93784K, reserved 1130496K
  class space    used 10864K, capacity 12870K, committed 12928K, reserved 1048576K

Card table byte_map: [0x0000000011fb0000,0x00000000122c0000] byte_map_base: 0x0000000011ab0000

Marking Bits: (ParMarkBitMap*) 0x0000000072243950
 Begin Bits: [0x00000000128c0000, 0x00000000140c0000)
 End Bits:   [0x00000000140c0000, 0x00000000158c0000)

Polling page: 0x0000000000ee0000

CodeCache: size=245760Kb used=68927Kb max_used=68967Kb free=176832Kb
 bounds [0x0000000002bf0000, 0x0000000006fd0000, 0x0000000011bf0000]
 total_blobs=19862 nmethods=19014 adapters=759
 compilation: enabled

Compilation events (10 events):
Event: 3479.969 Thread 0x0000000016561800 24601       4       org.gradle.api.internal.artifacts.ivyservice.ivyresolve.strategy.DefaultVersionSelectorScheme::renderSelector (8 bytes)
Event: 3479.969 Thread 0x000000001655e800 nmethod 24600 0x0000000002d22b50 code [0x0000000002d22ca0, 0x0000000002d22f68]
Event: 3479.969 Thread 0x000000001655e800 24602       4       org.gradle.api.internal.artifacts.ivyservice.ivyresolve.parser.PomReader$PomDependencyData::isOptional (32 bytes)
Event: 3479.969 Thread 0x0000000016561800 nmethod 24601 0x00000000035d7d50 code [0x00000000035d7ea0, 0x00000000035d7f38]
Event: 3479.975 Thread 0x000000001655e800 nmethod 24602 0x00000000047bc190 code [0x00000000047bc300, 0x00000000047bc878]
Event: 3480.298 Thread 0x0000000016561800 24603       4       org.gradle.api.internal.artifacts.ivyservice.resolveengine.graph.DependencyGraphBuilder::resolveEdges (37 bytes)
Event: 3480.357 Thread 0x000000001655e800 24604       4       com.sun.org.apache.xerces.internal.impl.dtd.XMLDTDValidator::emptyElement (41 bytes)
Event: 3480.359 Thread 0x000000001655e800 nmethod 24604 0x00000000051151d0 code [0x0000000005115340, 0x00000000051154b0]
Event: 3480.401 Thread 0x000000001655e800 24605       4       com.sun.org.apache.xerces.internal.util.ParserConfigurationSettings::<init> (54 bytes)
Event: 3480.404 Thread 0x000000001655e800 nmethod 24605 0x00000000041ab790 code [0x00000000041ab900, 0x00000000041abcd8]

GC Heap History (10 events):
Event: 3233.034 GC heap before
{Heap before GC invocations=49 (full 3):
 PSYoungGen      total 110592K, used 110416K [0x00000000e0000000, 0x00000000e9f80000, 0x0000000100000000)
  eden space 101888K, 99% used [0x00000000e0000000,0x00000000e637c1f8,0x00000000e6380000)
  from space 8704K, 98% used [0x00000000e6580000,0x00000000e6dd8050,0x00000000e6e00000)
  to   space 30720K, 0% used [0x00000000e8180000,0x00000000e8180000,0x00000000e9f80000)
 ParOldGen       total 164352K, used 72651K [0x00000000a0000000, 0x00000000aa080000, 0x00000000e0000000)
  object space 164352K, 44% used [0x00000000a0000000,0x00000000a46f2c20,0x00000000aa080000)
 Metaspace       used 84665K, capacity 93098K, committed 93400K, reserved 1130496K
  class space    used 10830K, capacity 12749K, committed 12800K, reserved 1048576K
Event: 3233.044 GC heap after
Heap after GC invocations=49 (full 3):
 PSYoungGen      total 127488K, used 9811K [0x00000000e0000000, 0x00000000e9c80000, 0x0000000100000000)
  eden space 99840K, 0% used [0x00000000e0000000,0x00000000e0000000,0x00000000e6180000)
  from space 27648K, 35% used [0x00000000e8180000,0x00000000e8b14d28,0x00000000e9c80000)
  to   space 30208K, 0% used [0x00000000e6180000,0x00000000e6180000,0x00000000e7f00000)
 ParOldGen       total 164352K, used 73086K [0x00000000a0000000, 0x00000000aa080000, 0x00000000e0000000)
  object space 164352K, 44% used [0x00000000a0000000,0x00000000a475fa18,0x00000000aa080000)
 Metaspace       used 84665K, capacity 93098K, committed 93400K, reserved 1130496K
  class space    used 10830K, capacity 12749K, committed 12800K, reserved 1048576K
}
Event: 3266.167 GC heap before
{Heap before GC invocations=50 (full 3):
 PSYoungGen      total 127488K, used 109651K [0x00000000e0000000, 0x00000000e9c80000, 0x0000000100000000)
  eden space 99840K, 100% used [0x00000000e0000000,0x00000000e6180000,0x00000000e6180000)
  from space 27648K, 35% used [0x00000000e8180000,0x00000000e8b14d28,0x00000000e9c80000)
  to   space 30208K, 0% used [0x00000000e6180000,0x00000000e6180000,0x00000000e7f00000)
 ParOldGen       total 164352K, used 73086K [0x00000000a0000000, 0x00000000aa080000, 0x00000000e0000000)
  object space 164352K, 44% used [0x00000000a0000000,0x00000000a475fa18,0x00000000aa080000)
 Metaspace       used 84777K, capacity 93282K, committed 93400K, reserved 1130496K
  class space    used 10841K, capacity 12789K, committed 12800K, reserved 1048576K
Event: 3266.176 GC heap after
Heap after GC invocations=50 (full 3):
 PSYoungGen      total 105472K, used 7555K [0x00000000e0000000, 0x00000000e9980000, 0x0000000100000000)
  eden space 97792K, 0% used [0x00000000e0000000,0x00000000e0000000,0x00000000e5f80000)
  from space 7680K, 98% used [0x00000000e6180000,0x00000000e68e0de0,0x00000000e6900000)
  to   space 29696K, 0% used [0x00000000e7c80000,0x00000000e7c80000,0x00000000e9980000)
 ParOldGen       total 164352K, used 73246K [0x00000000a0000000, 0x00000000aa080000, 0x00000000e0000000)
  object space 164352K, 44% used [0x00000000a0000000,0x00000000a4787a18,0x00000000aa080000)
 Metaspace       used 84777K, capacity 93282K, committed 93400K, reserved 1130496K
  class space    used 10841K, capacity 12789K, committed 12800K, reserved 1048576K
}
Event: 3268.627 GC heap before
{Heap before GC invocations=51 (full 3):
 PSYoungGen      total 105472K, used 105327K [0x00000000e0000000, 0x00000000e9980000, 0x0000000100000000)
  eden space 97792K, 99% used [0x00000000e0000000,0x00000000e5f7b1c8,0x00000000e5f80000)
  from space 7680K, 98% used [0x00000000e6180000,0x00000000e68e0de0,0x00000000e6900000)
  to   space 29696K, 0% used [0x00000000e7c80000,0x00000000e7c80000,0x00000000e9980000)
 ParOldGen       total 164352K, used 73246K [0x00000000a0000000, 0x00000000aa080000, 0x00000000e0000000)
  object space 164352K, 44% used [0x00000000a0000000,0x00000000a4787a18,0x00000000aa080000)
 Metaspace       used 84812K, capacity 93282K, committed 93400K, reserved 1130496K
  class space    used 10841K, capacity 12789K, committed 12800K, reserved 1048576K
Event: 3268.639 GC heap after
Heap after GC invocations=51 (full 3):
 PSYoungGen      total 121344K, used 8495K [0x00000000e0000000, 0x00000000e9580000, 0x0000000100000000)
  eden space 95744K, 0% used [0x00000000e0000000,0x00000000e0000000,0x00000000e5d80000)
  from space 25600K, 33% used [0x00000000e7c80000,0x00000000e84cbe20,0x00000000e9580000)
  to   space 28672K, 0% used [0x00000000e5d80000,0x00000000e5d80000,0x00000000e7980000)
 ParOldGen       total 164352K, used 73526K [0x00000000a0000000, 0x00000000aa080000, 0x00000000e0000000)
  object space 164352K, 44% used [0x00000000a0000000,0x00000000a47cda98,0x00000000aa080000)
 Metaspace       used 84812K, capacity 93282K, committed 93400K, reserved 1130496K
  class space    used 10841K, capacity 12789K, committed 12800K, reserved 1048576K
}
Event: 3304.534 GC heap before
{Heap before GC invocations=52 (full 3):
 PSYoungGen      total 121344K, used 104239K [0x00000000e0000000, 0x00000000e9580000, 0x0000000100000000)
  eden space 95744K, 100% used [0x00000000e0000000,0x00000000e5d80000,0x00000000e5d80000)
  from space 25600K, 33% used [0x00000000e7c80000,0x00000000e84cbe20,0x00000000e9580000)
  to   space 28672K, 0% used [0x00000000e5d80000,0x00000000e5d80000,0x00000000e7980000)
 ParOldGen       total 164352K, used 73526K [0x00000000a0000000, 0x00000000aa080000, 0x00000000e0000000)
  object space 164352K, 44% used [0x00000000a0000000,0x00000000a47cda98,0x00000000aa080000)
 Metaspace       used 84873K, capacity 93466K, committed 93784K, reserved 1130496K
  class space    used 10852K, capacity 12829K, committed 12928K, reserved 1048576K
Event: 3304.544 GC heap after
Heap after GC invocations=52 (full 3):
 PSYoungGen      total 100864K, used 6739K [0x00000000e0000000, 0x00000000e9380000, 0x0000000100000000)
  eden space 93696K, 0% used [0x00000000e0000000,0x00000000e0000000,0x00000000e5b80000)
  from space 7168K, 94% used [0x00000000e5d80000,0x00000000e6414dd0,0x00000000e6480000)
  to   space 28672K, 0% used [0x00000000e7780000,0x00000000e7780000,0x00000000e9380000)
 ParOldGen       total 164352K, used 73834K [0x00000000a0000000, 0x00000000aa080000, 0x00000000e0000000)
  object space 164352K, 44% used [0x00000000a0000000,0x00000000a481a8b0,0x00000000aa080000)
 Metaspace       used 84873K, capacity 93466K, committed 93784K, reserved 1130496K
  class space    used 10852K, capacity 12829K, committed 12928K, reserved 1048576K
}
Event: 3431.746 GC heap before
{Heap before GC invocations=53 (full 3):
 PSYoungGen      total 100864K, used 100435K [0x00000000e0000000, 0x00000000e9380000, 0x0000000100000000)
  eden space 93696K, 100% used [0x00000000e0000000,0x00000000e5b80000,0x00000000e5b80000)
  from space 7168K, 94% used [0x00000000e5d80000,0x00000000e6414dd0,0x00000000e6480000)
  to   space 28672K, 0% used [0x00000000e7780000,0x00000000e7780000,0x00000000e9380000)
 ParOldGen       total 164352K, used 73834K [0x00000000a0000000, 0x00000000aa080000, 0x00000000e0000000)
  object space 164352K, 44% used [0x00000000a0000000,0x00000000a481a8b0,0x00000000aa080000)
 Metaspace       used 84895K, capacity 93534K, committed 93784K, reserved 1130496K
  class space    used 10852K, capacity 12829K, committed 12928K, reserved 1048576K
Event: 3431.768 GC heap after
Heap after GC invocations=53 (full 3):
 PSYoungGen      total 117248K, used 3822K [0x00000000e0000000, 0x00000000e9080000, 0x0000000100000000)
  eden space 91648K, 0% used [0x00000000e0000000,0x00000000e0000000,0x00000000e5980000)
  from space 25600K, 14% used [0x00000000e7780000,0x00000000e7b3bb48,0x00000000e9080000)
  to   space 28160K, 0% used [0x00000000e5980000,0x00000000e5980000,0x00000000e7500000)
 ParOldGen       total 164352K, used 73922K [0x00000000a0000000, 0x00000000aa080000, 0x00000000e0000000)
  object space 164352K, 44% used [0x00000000a0000000,0x00000000a48308b0,0x00000000aa080000)
 Metaspace       used 84895K, capacity 93534K, committed 93784K, reserved 1130496K
  class space    used 10852K, capacity 12829K, committed 12928K, reserved 1048576K
}

Deoptimization events (10 events):
Event: 3233.125 Thread 0x00000000185c3800 Uncommon trap: reason=speculate_class_check action=maybe_recompile pc=0x0000000006e84494 method=java.lang.StringCoding.decode(Ljava/nio/charset/Charset;[BII)[C @ 99
Event: 3268.123 Thread 0x00000000185ba800 Uncommon trap: reason=class_check action=maybe_recompile pc=0x00000000054fafe0 method=com.google.gson.reflect.TypeToken.<init>(Ljava/lang/reflect/Type;)V @ 9
Event: 3268.123 Thread 0x00000000185ba800 Uncommon trap: reason=class_check action=maybe_recompile pc=0x00000000054fafe0 method=com.google.gson.reflect.TypeToken.<init>(Ljava/lang/reflect/Type;)V @ 9
Event: 3268.132 Thread 0x00000000185ba800 Uncommon trap: reason=class_check action=maybe_recompile pc=0x00000000054fafe0 method=com.google.gson.reflect.TypeToken.<init>(Ljava/lang/reflect/Type;)V @ 9
Event: 3268.133 Thread 0x00000000185ba800 Uncommon trap: reason=class_check action=maybe_recompile pc=0x00000000054fafe0 method=com.google.gson.reflect.TypeToken.<init>(Ljava/lang/reflect/Type;)V @ 9
Event: 3268.235 Thread 0x000000001a6cd000 Uncommon trap: reason=null_check action=make_not_entrant pc=0x00000000054f0b4c method=java.lang.ThreadLocal$ThreadLocalMap.set(Ljava/lang/ThreadLocal;Ljava/lang/Object;)V @ 36
Event: 3304.455 Thread 0x000000001a6cd000 Uncommon trap: reason=null_check action=make_not_entrant pc=0x0000000006f49570 method=org.gradle.api.internal.project.taskfactory.InputPropertyAnnotationHandler.attachActions(Lorg/gradle/api/internal/project/taskfactory/TaskPropertyActionContext;)V @ 26
Event: 3305.086 Thread 0x000000001f155800 Uncommon trap: reason=class_check action=maybe_recompile pc=0x0000000006b80784 method=com.sun.tools.javac.comp.Resolve$AbstractMethodCheck.argumentsAcceptable(Lcom/sun/tools/javac/comp/Env;Lcom/sun/tools/javac/comp/DeferredAttr$DeferredAttrContext;Lcom/su
Event: 3305.086 Thread 0x000000001f155800 Uncommon trap: reason=class_check action=maybe_recompile pc=0x0000000006b78990 method=com.sun.tools.javac.comp.Resolve$AbstractMethodCheck.argumentsAcceptable(Lcom/sun/tools/javac/comp/Env;Lcom/sun/tools/javac/comp/DeferredAttr$DeferredAttrContext;Lcom/su
Event: 3305.095 Thread 0x000000001f155800 Uncommon trap: reason=class_check action=maybe_recompile pc=0x0000000005fc22c4 method=com.sun.tools.javac.comp.Lower.boxIfNeeded(Lcom/sun/tools/javac/tree/JCTree;Lcom/sun/tools/javac/code/Type;)Lcom/sun/tools/javac/tree/JCTree; @ 87

Classes redefined (0 events):
No events

Internal exceptions (10 events):
Event: 3265.704 Thread 0x000000001a6cd000 Exception <a 'java/lang/ClassNotFoundException': sync_local_repo2305_6a1s913ksf7buz8k2p5q3c5bqBeanInfo> (0x00000000e1d113f0) thrown at [D:\src\AOSP-openjdk-cygwin\jdk8u\hotspot\src\share\vm\classfile\systemDictionary.cpp, line 210]
Event: 3265.704 Thread 0x000000001a6cd000 Exception <a 'java/lang/ClassNotFoundException': sync_local_repo2305_6a1s913ksf7buz8k2p5q3c5bqCustomizer> (0x00000000e1d1bc80) thrown at [D:\src\AOSP-openjdk-cygwin\jdk8u\hotspot\src\share\vm\classfile\systemDictionary.cpp, line 210]
Event: 3268.235 Thread 0x000000001a6cd000 Implicit null exception at 0x00000000054ecd76 to 0x00000000054f0af9
Event: 3268.791 Thread 0x000000001a6cd000 Exception <a 'sun/nio/fs/WindowsException'> (0x00000000e1f86f20) thrown at [D:\src\AOSP-openjdk-cygwin\jdk8u\hotspot\src\share\vm\prims\jni.cpp, line 709]
Event: 3303.585 Thread 0x000000001a6cd000 Exception <a 'java/lang/ClassNotFoundException': sync_local_repo2588_pchu6ah0p7x0dcpr25h964jjBeanInfo> (0x00000000e2466d28) thrown at [D:\src\AOSP-openjdk-cygwin\jdk8u\hotspot\src\share\vm\classfile\systemDictionary.cpp, line 210]
Event: 3303.585 Thread 0x000000001a6cd000 Exception <a 'java/lang/ClassNotFoundException': sync_local_repo2588_pchu6ah0p7x0dcpr25h964jjCustomizer> (0x00000000e2471370) thrown at [D:\src\AOSP-openjdk-cygwin\jdk8u\hotspot\src\share\vm\classfile\systemDictionary.cpp, line 210]
Event: 3305.636 Thread 0x000000001f158800 Exception <a 'sun/nio/fs/WindowsException'> (0x00000000e4407ed8) thrown at [D:\src\AOSP-openjdk-cygwin\jdk8u\hotspot\src\share\vm\prims\jni.cpp, line 709]
Event: 3306.405 Thread 0x000000001a6cd000 Exception <a 'sun/nio/fs/WindowsException'> (0x00000000e58266f8) thrown at [D:\src\AOSP-openjdk-cygwin\jdk8u\hotspot\src\share\vm\prims\jni.cpp, line 709]
Event: 3479.745 Thread 0x000000001f155000 Exception <a 'java/lang/ClassNotFoundException': sync_local_repo2127_di3aqmyto01fqdppz44zpyqqcBeanInfo> (0x00000000e0342770) thrown at [D:\src\AOSP-openjdk-cygwin\jdk8u\hotspot\src\share\vm\classfile\systemDictionary.cpp, line 210]
Event: 3479.745 Thread 0x000000001f155000 Exception <a 'java/lang/ClassNotFoundException': sync_local_repo2127_di3aqmyto01fqdppz44zpyqqcCustomizer> (0x00000000e034d000) thrown at [D:\src\AOSP-openjdk-cygwin\jdk8u\hotspot\src\share\vm\classfile\systemDictionary.cpp, line 210]

Events (10 events):
Event: 3479.760 loading class groovy/runtime/metaclass/sync_local_repo2127_di3aqmyto01fqdppz44zpyqqc$_run_closure1$_closure2$_closure4MetaClass
Event: 3479.760 loading class groovy/runtime/metaclass/sync_local_repo2127_di3aqmyto01fqdppz44zpyqqc$_run_closure1$_closure2$_closure4MetaClass done
Event: 3479.762 loading class groovy/runtime/metaclass/sync_local_repo2127_di3aqmyto01fqdppz44zpyqqc$_run_closure1$_closure2$_closure4$_closure5MetaClass
Event: 3479.762 loading class groovy/runtime/metaclass/sync_local_repo2127_di3aqmyto01fqdppz44zpyqqc$_run_closure1$_closure2$_closure4$_closure5MetaClass done
Event: 3479.764 loading class groovy/runtime/metaclass/sync_local_repo2127_di3aqmyto01fqdppz44zpyqqc$_run_closure1$_closure3MetaClass
Event: 3479.764 loading class groovy/runtime/metaclass/sync_local_repo2127_di3aqmyto01fqdppz44zpyqqc$_run_closure1$_closure3MetaClass done
Event: 3479.764 Thread 0x0000000016568800 flushing nmethod 0x0000000006e83a50
Event: 3479.765 loading class groovy/runtime/metaclass/sync_local_repo2127_di3aqmyto01fqdppz44zpyqqc$_run_closure1$_closure3$_closure6MetaClass
Event: 3479.765 loading class groovy/runtime/metaclass/sync_local_repo2127_di3aqmyto01fqdppz44zpyqqc$_run_closure1$_closure3$_closure6MetaClass done
Event: 3479.770 Thread 0x000000001f150800 Thread added: 0x000000001f150800


Dynamic libraries:
0x00007ff6b9da0000 - 0x00007ff6b9dd1000 	C:\Program Files\Android\Android Studio\jre\bin\java.exe
0x00007ffc02480000 - 0x00007ffc02661000 	C:\WINDOWS\SYSTEM32\ntdll.dll
0x00007ffc01e60000 - 0x00007ffc01f12000 	C:\WINDOWS\System32\KERNEL32.DLL
0x00007ffbfee30000 - 0x00007ffbff0a3000 	C:\WINDOWS\System32\KERNELBASE.dll
0x00007ffbfcc00000 - 0x00007ffbfcc8b000 	C:\WINDOWS\SYSTEM32\apphelp.dll
0x00007ffbff910000 - 0x00007ffbff9b1000 	C:\WINDOWS\System32\ADVAPI32.dll
0x00007ffc00520000 - 0x00007ffc005be000 	C:\WINDOWS\System32\msvcrt.dll
0x00007ffc01a00000 - 0x00007ffc01a5b000 	C:\WINDOWS\System32\sechost.dll
0x00007ffc00350000 - 0x00007ffc00474000 	C:\WINDOWS\System32\RPCRT4.dll
0x00007ffc02010000 - 0x00007ffc021a0000 	C:\WINDOWS\System32\USER32.dll
0x00007ffbfee10000 - 0x00007ffbfee30000 	C:\WINDOWS\System32\win32u.dll
0x00007ffc01b40000 - 0x00007ffc01b68000 	C:\WINDOWS\System32\GDI32.dll
0x00007ffbfe9a0000 - 0x00007ffbfeb32000 	C:\WINDOWS\System32\gdi32full.dll
0x00007ffbfe850000 - 0x00007ffbfe8ef000 	C:\WINDOWS\System32\msvcp_win.dll
0x00007ffbff810000 - 0x00007ffbff90a000 	C:\WINDOWS\System32\ucrtbase.dll
0x00007ffbecd90000 - 0x00007ffbecff9000 	C:\WINDOWS\WinSxS\amd64_microsoft.windows.common-controls_6595b64144ccf1df_6.0.17134.48_none_b4b2216a3cb4dd3e\COMCTL32.dll
0x00007ffbffeb0000 - 0x00007ffc001d3000 	C:\WINDOWS\System32\combase.dll
0x00007ffbfeb40000 - 0x00007ffbfebba000 	C:\WINDOWS\System32\bcryptPrimitives.dll
0x00007ffbffe70000 - 0x00007ffbffe9d000 	C:\WINDOWS\System32\IMM32.DLL
0x0000000072a70000 - 0x0000000072b42000 	C:\Program Files\Android\Android Studio\jre\jre\bin\msvcr100.dll
0x0000000071a80000 - 0x00000000722be000 	C:\Program Files\Android\Android Studio\jre\jre\bin\server\jvm.dll
0x00007ffc004a0000 - 0x00007ffc004a8000 	C:\WINDOWS\System32\PSAPI.DLL
0x00007ffbea460000 - 0x00007ffbea469000 	C:\WINDOWS\SYSTEM32\WSOCK32.dll
0x00007ffbfb720000 - 0x00007ffbfb743000 	C:\WINDOWS\SYSTEM32\WINMM.dll
0x00007ffbf7c30000 - 0x00007ffbf7c3a000 	C:\WINDOWS\SYSTEM32\VERSION.dll
0x00007ffc004b0000 - 0x00007ffc0051c000 	C:\WINDOWS\System32\WS2_32.dll
0x00007ffbfb6f0000 - 0x00007ffbfb71a000 	C:\WINDOWS\SYSTEM32\WINMMBASE.dll
0x00007ffbff0b0000 - 0x00007ffbff0f9000 	C:\WINDOWS\System32\cfgmgr32.dll
0x00007ffbd3100000 - 0x00007ffbd310f000 	C:\Program Files\Android\Android Studio\jre\jre\bin\verify.dll
0x00007ffbb3ce0000 - 0x00007ffbb3d09000 	C:\Program Files\Android\Android Studio\jre\jre\bin\java.dll
0x00007ffbd1b70000 - 0x00007ffbd1b86000 	C:\Program Files\Android\Android Studio\jre\jre\bin\zip.dll
0x00007ffc005c0000 - 0x00007ffc01a00000 	C:\WINDOWS\System32\SHELL32.dll
0x00007ffc02200000 - 0x00007ffc022a9000 	C:\WINDOWS\System32\shcore.dll
0x00007ffbff100000 - 0x00007ffbff80d000 	C:\WINDOWS\System32\windows.storage.dll
0x00007ffc021a0000 - 0x00007ffc021f1000 	C:\WINDOWS\System32\shlwapi.dll
0x00007ffbfe830000 - 0x00007ffbfe841000 	C:\WINDOWS\System32\kernel.appcore.dll
0x00007ffbfe810000 - 0x00007ffbfe82f000 	C:\WINDOWS\System32\profapi.dll
0x00007ffbfe7a0000 - 0x00007ffbfe7ec000 	C:\WINDOWS\System32\powrprof.dll
0x00007ffbfe790000 - 0x00007ffbfe79a000 	C:\WINDOWS\System32\FLTLIB.DLL
0x00007ffbb3400000 - 0x00007ffbb341a000 	C:\Program Files\Android\Android Studio\jre\jre\bin\net.dll
0x00007ffbfdc50000 - 0x00007ffbfdcb6000 	C:\WINDOWS\system32\mswsock.dll
0x00007ffbb1b60000 - 0x00007ffbb1b71000 	C:\Program Files\Android\Android Studio\jre\jre\bin\nio.dll
0x00007ffbd7470000 - 0x00007ffbd748e000 	C:\Users\hussam\.gradle\native\25\windows-amd64\native-platform.dll
0x00007ffbfe2a0000 - 0x00007ffbfe2ad000 	C:\Program Files\Android\Android Studio\jre\jre\bin\management.dll
0x00007ffbfe4b0000 - 0x00007ffbfe4c7000 	C:\WINDOWS\SYSTEM32\CRYPTSP.dll
0x00007ffbfd830000 - 0x00007ffbfd863000 	C:\WINDOWS\system32\rsaenh.dll
0x00007ffbfe2b0000 - 0x00007ffbfe2d5000 	C:\WINDOWS\SYSTEM32\bcrypt.dll
0x00007ffbfe690000 - 0x00007ffbfe6b8000 	C:\WINDOWS\SYSTEM32\USERENV.dll
0x00007ffbfde00000 - 0x00007ffbfde0b000 	C:\WINDOWS\SYSTEM32\CRYPTBASE.dll
0x00007ffbfd9d0000 - 0x00007ffbfda08000 	C:\WINDOWS\SYSTEM32\IPHLPAPI.DLL
0x00007ffc001e0000 - 0x00007ffc001e8000 	C:\WINDOWS\System32\NSI.dll
0x00007ffbf4740000 - 0x00007ffbf4756000 	C:\WINDOWS\SYSTEM32\dhcpcsvc6.DLL
0x00007ffbf4910000 - 0x00007ffbf492a000 	C:\WINDOWS\SYSTEM32\dhcpcsvc.DLL
0x00007ffbfd520000 - 0x00007ffbfd551000 	C:\WINDOWS\SYSTEM32\ntmarta.dll

VM Arguments:
jvm_args: -Xmx1536m -Dfile.encoding=windows-1252 -Duser.country=GB -Duser.language=en -Duser.variant 
java_command: org.gradle.launcher.daemon.bootstrap.GradleDaemon 4.1
java_class_path (initial): C:\Users\hussam\.gradle\wrapper\dists\gradle-4.1-all\bzyivzo6n839fup2jbap0tjew\gradle-4.1\lib\gradle-launcher-4.1.jar
Launcher Type: SUN_STANDARD

Environment Variables:
PATH=C:\Program Files\Java\jdk1.7.0_79\bin;C:\Program Files (x86)\Skype\Phone\;C:\WINDOWS\system32;C:\WINDOWS;C:\WINDOWS\System32\Wbem;C:\WINDOWS\System32\WindowsPowerShell\v1.0\;c:\Program Files\Microsoft SQL Server\Client SDK\ODBC\110\Tools\Binn\;c:\Program Files (x86)\Microsoft SQL Server\120\Tools\Binn\ManagementStudio\;c:\Program Files (x86)\Microsoft SQL Server\120\Tools\Binn\;c:\Program Files\Microsoft SQL Server\120\Tools\Binn\;c:\Program Files (x86)\Microsoft SQL Server\120\DTS\Binn\;c:\Program Files\Microsoft SQL Server\120\DTS\Binn\;C:\WINDOWS\System32\OpenSSH\;C:\Users\Public\Documents\Embarcadero\Studio\15.0\Bpl;C:\Users\hussam\AppData\Local\Microsoft\WindowsApps
USERNAME=hussam
OS=Windows_NT
PROCESSOR_IDENTIFIER=Intel64 Family 6 Model 60 Stepping 3, GenuineIntel



---------------  S Y S T E M  ---------------

OS: Windows 10.0 , 64 bit Build 17134 (10.0.17134.1)

CPU:total 4 (initial active 4) (4 cores per cpu, 1 threads per core) family 6 model 60 stepping 3, cmov, cx8, fxsr, mmx, sse, sse2, sse3, ssse3, sse4.1, sse4.2, popcnt, avx, avx2, aes, clmul, erms, lzcnt, tsc, tscinvbit, bmi1, bmi2

Memory: 4k page, physical 8276692k(473400k free), swap 12470996k(9228k free)

vm_info: OpenJDK 64-Bit Server VM (25.152-b01) for windows-amd64 JRE (1.8.0_152-release-915-b01), built by "builder" with MS VC++ 10.0 (VS2010)

time: Fri Jun 08 16:55:19 2018
elapsed time: 3480 seconds (0d 0h 58m 0s)

